nohup: ignoring input
WARNING: using Plots.wrap in module Main conflicts with an existing identifier.
qt.qpa.screen: QXcbConnection: Could not connect to display 
Could not connect to any X display.
connect: Connection refused
GKS: can't connect to GKS socket application

GKS: Open failed in routine OPEN_WS
GKS: GKS not in proper state. GKS must be either in the state WSOP or WSAC in routine ACTIVATE_WS

inc0.01999999999999999
inc0.01999999999999999
inc0.01999999999999999
inc0.01999999999999999
inc0.01999999999999999
inc0.01999999999999999
inc0.01999999999999999
inc0.01999999999999999
inc0.01999999999999999
inc0.01999999999999999
hs: [1.5, 1.52, 1.54, 1.56, 1.58, 1.6, 1.62, 1.6400000000000001, 1.6600000000000001, 1.6800000000000002]
starting h: 1.5
iteration: 0
timing h
  0.843765 seconds (131.70 k allocations: 208.255 MiB, 25.82% gc time)
initial guess: 0.1
calculated sz: 0.11798670045511533
percentError0.01798670045511533
iteration: 1
timing h
  0.754672 seconds (88 allocations: 313.503 MiB, 29.02% gc time)
initial guess: 0.11798670045511533
calculated sz: 0.13587749168338176
percentError0.017890791228266423
iteration: 2
timing h
  0.769294 seconds (88 allocations: 313.503 MiB, 28.79% gc time)
initial guess: 0.13587749168338176
calculated sz: 0.15244609206006182
percentError0.016568600376680065
iteration: 3
timing h
  0.533433 seconds (88 allocations: 313.503 MiB)
initial guess: 0.15244609206006182
calculated sz: 0.16672010081796346
percentError0.014274008757901635
iteration: 4
timing h
  0.499683 seconds (88 allocations: 313.503 MiB)
initial guess: 0.16672010081796346
calculated sz: 0.17822431107857825
percentError0.011504210260614794
iteration: 5
timing h
  0.666819 seconds (88 allocations: 313.503 MiB, 18.27% gc time)
initial guess: 0.17822431107857825
calculated sz: 0.1869867156648116
percentError0.008762404586233341
iteration: 6
timing h
  0.538800 seconds (88 allocations: 313.503 MiB)
initial guess: 0.1869867156648116
calculated sz: 0.19336923842978562
percentError0.00638252276497403
iteration: 7
timing h
  0.748059 seconds (88 allocations: 313.503 MiB, 29.32% gc time)
initial guess: 0.19336923842978562
calculated sz: 0.197865548388408
percentError0.00449630995862238
iteration: 8
timing h
  0.747043 seconds (88 allocations: 313.503 MiB, 28.44% gc time)
initial guess: 0.197865548388408
calculated sz: 0.2009580692007115
percentError0.0030925208123034897
iteration: 9
timing h
  0.532864 seconds (88 allocations: 313.503 MiB)
initial guess: 0.2009580692007115
calculated sz: 0.20304987035857003
percentError0.002091801157858536
iteration: 10
timing h
  0.440257 seconds (88 allocations: 313.503 MiB)
initial guess: 0.20304987035857003
calculated sz: 0.2044487597182327
percentError0.001398889359662675
iteration: 11
timing h
  0.669766 seconds (88 allocations: 313.503 MiB, 18.26% gc time)
initial guess: 0.2044487597182327
calculated sz: 0.20537712882697418
percentError0.0009283691087414725
iteration: 12
timing h
  0.532068 seconds (88 allocations: 313.503 MiB)
initial guess: 0.20537712882697418
calculated sz: 0.20599010359753128
percentError0.0006129747705571065
iteration: 13
timing h
  0.749193 seconds (88 allocations: 313.503 MiB, 29.47% gc time)
initial guess: 0.20599010359753128
calculated sz: 0.2063934685044333
percentError0.0004033649069020151
iteration: 14
timing h
  0.747275 seconds (88 allocations: 313.503 MiB, 28.44% gc time)
initial guess: 0.2063934685044333
calculated sz: 0.20665831063848297
percentError0.0002648421340496754
iteration: 15
timing h
  0.533038 seconds (88 allocations: 313.503 MiB)
initial guess: 0.20665831063848297
calculated sz: 0.2068319470278686
percentError0.00017363638938563963
iteration: 16
timing h
  0.440797 seconds (88 allocations: 313.503 MiB)
initial guess: 0.2068319470278686
calculated sz: 0.20694567769950858
percentError0.00011373067163997219
iteration: 17
timing h
  0.669289 seconds (88 allocations: 313.503 MiB, 18.28% gc time)
initial guess: 0.20694567769950858
calculated sz: 0.20702012369244968
percentError7.444599294109677e-5
iteration: 18
timing h
  0.532062 seconds (88 allocations: 313.503 MiB)
initial guess: 0.20702012369244968
calculated sz: 0.20706883459840972
percentError4.871090596003658e-5
iteration: 19
timing h
  0.750048 seconds (88 allocations: 313.503 MiB, 29.50% gc time)
initial guess: 0.20706883459840972
calculated sz: 0.20710069813993545
percentError3.186354152573401e-5
iteration: 20
timing h
  0.750641 seconds (88 allocations: 313.503 MiB, 28.63% gc time)
initial guess: 0.20710069813993545
calculated sz: 0.20712153754475648
percentError2.0839404821032526e-5
iteration: 21
timing h
  0.534657 seconds (88 allocations: 313.503 MiB)
initial guess: 0.20712153754475648
calculated sz: 0.20713516536804857
percentError1.3627823292089447e-5
iteration: 22
timing h
  0.441809 seconds (88 allocations: 313.503 MiB)
initial guess: 0.20713516536804857
calculated sz: 0.207144076542059
percentError8.911174010417522e-6
iteration: 23
timing h
  0.671178 seconds (88 allocations: 313.503 MiB, 18.24% gc time)
initial guess: 0.207144076542059
calculated sz: 0.20714990323235463
percentError5.826690295640535e-6
iteration: 24
timing h
  0.533884 seconds (88 allocations: 313.503 MiB)
initial guess: 0.20714990323235463
calculated sz: 0.20715371296886317
percentError3.8097365085421053e-6
iteration: 25
timing h
  0.749889 seconds (88 allocations: 313.503 MiB, 29.34% gc time)
initial guess: 0.20715371296886317
calculated sz: 0.20715620388318007
percentError2.4909143168938552e-6
iteration: 26
timing h
  0.748382 seconds (88 allocations: 313.503 MiB, 28.44% gc time)
initial guess: 0.20715620388318007
calculated sz: 0.20715783249148995
percentError1.62860830987821e-6
iteration: 27
timing h
  0.532868 seconds (88 allocations: 313.503 MiB)
initial guess: 0.20715783249148995
calculated sz: 0.20715889729778017
percentError1.0648062902240962e-6
iteration: 28
timing h
  0.440955 seconds (88 allocations: 313.503 MiB)
initial guess: 0.20715889729778017
calculated sz: 0.20715959347850305
percentError6.961807228755834e-7
iteration: 29
timing h
  0.668435 seconds (88 allocations: 313.503 MiB, 18.28% gc time)
initial guess: 0.20715959347850305
calculated sz: 0.2071600486464723
percentError4.5516796925992864e-7
iteration: 30
timing h
  0.530816 seconds (88 allocations: 313.503 MiB)
initial guess: 0.2071600486464723
calculated sz: 0.20716034623783888
percentError2.9759136657703245e-7
iteration: 31
timing h
  0.748239 seconds (88 allocations: 313.503 MiB, 29.44% gc time)
initial guess: 0.20716034623783888
calculated sz: 0.20716054080441118
percentError1.945665722979939e-7
iteration: 32
timing h
  0.745973 seconds (88 allocations: 313.503 MiB, 28.47% gc time)
initial guess: 0.20716054080441118
calculated sz: 0.2071606680127684
percentError1.272083572090299e-7
iteration: 33
timing h
  0.533762 seconds (88 allocations: 313.503 MiB)
initial guess: 0.2071606680127684
calculated sz: 0.20716075118202282
percentError8.316925442786172e-8
iteration: 34
timing h
  0.445176 seconds (88 allocations: 313.503 MiB)
initial guess: 0.20716075118202282
calculated sz: 0.20716080555833374
percentError5.4376310926196325e-8
iteration: 35
timing h
  0.670163 seconds (88 allocations: 313.503 MiB, 18.29% gc time)
initial guess: 0.20716080555833374
calculated sz: 0.20716084110971475
percentError3.5551381005749505e-8
iteration: 36
timing h
  0.532942 seconds (88 allocations: 313.503 MiB)
initial guess: 0.20716084110971475
calculated sz: 0.20716086435331732
percentError2.324360257044411e-8
iteration: 37
timing h
  0.748482 seconds (88 allocations: 313.503 MiB, 29.35% gc time)
initial guess: 0.20716086435331732
calculated sz: 0.20716087955003804
percentError1.5196720715149326e-8
iteration: 38
timing h
  0.749283 seconds (88 allocations: 313.503 MiB, 28.59% gc time)
initial guess: 0.20716087955003804
calculated sz: 0.20716088948570727
percentError9.935669231797561e-9
iteration: 39
timing h
  0.533049 seconds (88 allocations: 313.503 MiB)
initial guess: 0.20716088948570727
calculated sz: 0.20716089598166026
percentError6.4959529977315356e-9
starting h: 1.52
iteration: 0
timing h
  0.439338 seconds (88 allocations: 313.503 MiB)
initial guess: 0.1
calculated sz: 0.11322830905106662
percentError0.013228309051066617
iteration: 1
timing h
  0.660385 seconds (88 allocations: 313.503 MiB, 18.80% gc time)
initial guess: 0.11322830905106662
calculated sz: 0.1261543615265103
percentError0.012926052475443678
iteration: 2
timing h
  0.531889 seconds (88 allocations: 313.503 MiB)
initial guess: 0.1261543615265103
calculated sz: 0.13820192910480703
percentError0.012047567578296725
iteration: 3
timing h
  0.753131 seconds (88 allocations: 313.503 MiB, 29.51% gc time)
initial guess: 0.13820192910480703
calculated sz: 0.1489102298216632
percentError0.010708300716856162
iteration: 4
timing h
  0.751356 seconds (88 allocations: 313.503 MiB, 28.33% gc time)
initial guess: 0.1489102298216632
calculated sz: 0.1580112010447329
percentError0.009100971223069715
iteration: 5
timing h
  0.534827 seconds (88 allocations: 313.503 MiB)
initial guess: 0.1580112010447329
calculated sz: 0.16544343804276376
percentError0.007432236998030861
iteration: 6
timing h
  0.441589 seconds (88 allocations: 313.503 MiB)
initial guess: 0.16544343804276376
calculated sz: 0.17131111801680907
percentError0.005867679974045303
iteration: 7
timing h
  0.661833 seconds (88 allocations: 313.503 MiB, 18.75% gc time)
initial guess: 0.17131111801680907
calculated sz: 0.17581816539690673
percentError0.004507047380097662
iteration: 8
timing h
  0.533099 seconds (88 allocations: 313.503 MiB)
initial guess: 0.17581816539690673
calculated sz: 0.1792063562893365
percentError0.003388190892429782
iteration: 9
timing h
  0.750713 seconds (88 allocations: 313.503 MiB, 29.29% gc time)
initial guess: 0.1792063562893365
calculated sz: 0.18171191973126105
percentError0.002505563441924541
iteration: 10
timing h
  0.749031 seconds (88 allocations: 313.503 MiB, 28.46% gc time)
initial guess: 0.18171191973126105
calculated sz: 0.18354214386326995
percentError0.0018302241320088952
iteration: 11
timing h
  0.533316 seconds (88 allocations: 313.503 MiB)
initial guess: 0.18354214386326995
calculated sz: 0.1848670080820908
percentError0.0013248642188208593
iteration: 12
timing h
  0.441130 seconds (88 allocations: 313.503 MiB)
initial guess: 0.1848670080820908
calculated sz: 0.1858197504376223
percentError0.0009527423555314996
iteration: 13
timing h
  0.676097 seconds (88 allocations: 313.503 MiB, 18.15% gc time)
initial guess: 0.1858197504376223
calculated sz: 0.18650163678410087
percentError0.0006818863464785607
iteration: 14
timing h
  0.532104 seconds (88 allocations: 313.503 MiB)
initial guess: 0.18650163678410087
calculated sz: 0.18698800395221843
percentError0.000486367168117563
iteration: 15
timing h
  0.751169 seconds (88 allocations: 313.503 MiB, 29.48% gc time)
initial guess: 0.18698800395221843
calculated sz: 0.18733406725348642
percentError0.00034606330126799034
iteration: 16
timing h
  0.748718 seconds (88 allocations: 313.503 MiB, 28.46% gc time)
initial guess: 0.18733406725348642
calculated sz: 0.1875798722940408
percentError0.000245805040554381
iteration: 17
timing h
  0.536087 seconds (88 allocations: 313.503 MiB)
initial guess: 0.1875798722940408
calculated sz: 0.18775424897972673
percentError0.00017437668568592857
iteration: 18
timing h
  0.440764 seconds (88 allocations: 313.503 MiB)
initial guess: 0.18775424897972673
calculated sz: 0.18787784496900645
percentError0.00012359598927971782
iteration: 19
timing h
  0.675629 seconds (88 allocations: 313.503 MiB, 18.14% gc time)
initial guess: 0.18787784496900645
calculated sz: 0.18796539366110707
percentError8.754869210061966e-5
iteration: 20
timing h
  0.532374 seconds (88 allocations: 313.503 MiB)
initial guess: 0.18796539366110707
calculated sz: 0.1880273810213023
percentError6.198736019522033e-5
iteration: 21
timing h
  0.749897 seconds (88 allocations: 313.503 MiB, 29.34% gc time)
initial guess: 0.1880273810213023
calculated sz: 0.188071256390057
percentError4.387536875471998e-5
iteration: 22
timing h
  0.750410 seconds (88 allocations: 313.503 MiB, 28.60% gc time)
initial guess: 0.188071256390057
calculated sz: 0.18810230500622638
percentError3.104861616937127e-5
iteration: 23
timing h
  0.533675 seconds (88 allocations: 313.503 MiB)
initial guess: 0.18810230500622638
calculated sz: 0.18812427326592582
percentError2.196825969943972e-5
iteration: 24
timing h
  0.441158 seconds (88 allocations: 313.503 MiB)
initial guess: 0.18812427326592582
calculated sz: 0.18813981505091215
percentError1.554178498633374e-5
iteration: 25
timing h
  0.676485 seconds (88 allocations: 313.503 MiB, 18.15% gc time)
initial guess: 0.18813981505091215
calculated sz: 0.18815080946433513
percentError1.099441342297669e-5
iteration: 26
timing h
  0.532873 seconds (88 allocations: 313.503 MiB)
initial guess: 0.18815080946433513
calculated sz: 0.18815858659011986
percentError7.777125784730332e-6
iteration: 27
timing h
  0.753915 seconds (88 allocations: 313.503 MiB, 29.52% gc time)
initial guess: 0.18815858659011986
calculated sz: 0.18816408768492318
percentError5.501094803322948e-6
iteration: 28
timing h
  0.749503 seconds (88 allocations: 313.503 MiB, 28.41% gc time)
initial guess: 0.18816408768492318
calculated sz: 0.18816797873726954
percentError3.891052346355339e-6
iteration: 29
timing h
  0.534874 seconds (88 allocations: 313.503 MiB)
initial guess: 0.18816797873726954
calculated sz: 0.18817073091506503
percentError2.752177795495303e-6
iteration: 30
timing h
  0.441251 seconds (88 allocations: 313.503 MiB)
initial guess: 0.18817073091506503
calculated sz: 0.18817267752916061
percentError1.9466140955826106e-6
iteration: 31
timing h
  0.677785 seconds (88 allocations: 313.503 MiB, 18.11% gc time)
initial guess: 0.18817267752916061
calculated sz: 0.1881740543548679
percentError1.3768257072777068e-6
iteration: 32
timing h
  0.532210 seconds (88 allocations: 313.503 MiB)
initial guess: 0.1881740543548679
calculated sz: 0.18817502816672071
percentError9.738118528224149e-7
iteration: 33
timing h
  0.750773 seconds (88 allocations: 313.503 MiB, 29.33% gc time)
initial guess: 0.18817502816672071
calculated sz: 0.188175716928455
percentError6.88761734285448e-7
iteration: 34
timing h
  0.748188 seconds (88 allocations: 313.503 MiB, 28.50% gc time)
initial guess: 0.188175716928455
calculated sz: 0.18817620407705582
percentError4.871486008195536e-7
iteration: 35
timing h
  0.533488 seconds (88 allocations: 313.503 MiB)
initial guess: 0.18817620407705582
calculated sz: 0.18817654862752492
percentError3.4455046910020215e-7
iteration: 36
timing h
  0.440661 seconds (88 allocations: 313.503 MiB)
initial guess: 0.18817654862752492
calculated sz: 0.18817679232075893
percentError2.436932340088571e-7
iteration: 37
timing h
  0.677045 seconds (88 allocations: 313.503 MiB, 18.33% gc time)
initial guess: 0.18817679232075893
calculated sz: 0.18817696467958933
percentError1.723588304025636e-7
iteration: 38
timing h
  0.532370 seconds (88 allocations: 313.503 MiB)
initial guess: 0.18817696467958933
calculated sz: 0.18817708658507906
percentError1.2190548973056714e-7
iteration: 39
timing h
  0.749649 seconds (88 allocations: 313.503 MiB, 29.31% gc time)
initial guess: 0.18817708658507906
calculated sz: 0.1881771728059872
percentError8.622090813537042e-8
starting h: 1.54
iteration: 0
timing h
  0.747492 seconds (88 allocations: 313.503 MiB, 28.45% gc time)
initial guess: 0.1
calculated sz: 0.10877258224124838
percentError0.00877258224124837
iteration: 1
timing h
  0.531490 seconds (88 allocations: 313.503 MiB)
initial guess: 0.10877258224124838
calculated sz: 0.1171727579263506
percentError0.00840017568510222
iteration: 2
timing h
  0.439546 seconds (88 allocations: 313.503 MiB)
initial guess: 0.1171727579263506
calculated sz: 0.12499363853384476
percentError0.007820880607494168
iteration: 3
timing h
  0.657887 seconds (88 allocations: 313.503 MiB, 18.61% gc time)
initial guess: 0.12499363853384476
calculated sz: 0.13207676039482838
percentError0.0070831218609836155
iteration: 4
timing h
  0.530972 seconds (88 allocations: 313.503 MiB)
initial guess: 0.13207676039482838
calculated sz: 0.13832572373397653
percentError0.00624896333914815
iteration: 5
timing h
  0.748012 seconds (88 allocations: 313.503 MiB, 29.39% gc time)
initial guess: 0.13832572373397653
calculated sz: 0.14370778077095347
percentError0.005382057036976945
iteration: 6
timing h
  0.749478 seconds (88 allocations: 313.503 MiB, 28.55% gc time)
initial guess: 0.14370778077095347
calculated sz: 0.1482451345934661
percentError0.004537353822512635
iteration: 7
timing h
  0.533884 seconds (88 allocations: 313.503 MiB)
initial guess: 0.1482451345934661
calculated sz: 0.15200024643979526
percentError0.003755111846329151
iteration: 8
timing h
  0.440247 seconds (88 allocations: 313.503 MiB)
initial guess: 0.15200024643979526
calculated sz: 0.15505977227617784
percentError0.0030595258363825817
iteration: 9
timing h
  0.658532 seconds (88 allocations: 313.503 MiB, 18.63% gc time)
initial guess: 0.15505977227617784
calculated sz: 0.1575204879419011
percentError0.0024607156657232565
iteration: 10
timing h
  0.532243 seconds (88 allocations: 313.503 MiB)
initial guess: 0.1575204879419011
calculated sz: 0.15947881770131028
percentError0.001958329759409183
iteration: 11
timing h
  0.751604 seconds (88 allocations: 313.503 MiB, 29.47% gc time)
initial guess: 0.15947881770131028
calculated sz: 0.16102416182474039
percentError0.0015453441234301035
iteration: 12
timing h
  0.751756 seconds (88 allocations: 313.503 MiB, 28.36% gc time)
initial guess: 0.16102416182474039
calculated sz: 0.1622354102170502
percentError0.0012112483923098216
iteration: 13
timing h
  0.534890 seconds (88 allocations: 313.503 MiB)
initial guess: 0.1622354102170502
calculated sz: 0.16317975194134662
percentError0.0009443417242964158
iteration: 14
timing h
  0.441604 seconds (88 allocations: 313.503 MiB)
initial guess: 0.16317975194134662
calculated sz: 0.16391293734894338
percentError0.0007331854075967592
iteration: 15
timing h
  0.662539 seconds (88 allocations: 313.503 MiB, 18.75% gc time)
initial guess: 0.16391293734894338
calculated sz: 0.16448033410865412
percentError0.0005673967597107366
iteration: 16
timing h
  0.533502 seconds (88 allocations: 313.503 MiB)
initial guess: 0.16448033410865412
calculated sz: 0.16491832423832975
percentError0.00043799012967563056
iteration: 17
timing h
  0.749753 seconds (88 allocations: 313.503 MiB, 29.40% gc time)
initial guess: 0.16491832423832975
calculated sz: 0.1652557624120093
percentError0.00033743817367953843
iteration: 18
timing h
  0.749499 seconds (88 allocations: 313.503 MiB, 28.44% gc time)
initial guess: 0.1652557624120093
calculated sz: 0.16551534166754686
percentError0.0002595792555375731
iteration: 19
timing h
  0.533239 seconds (88 allocations: 313.503 MiB)
initial guess: 0.16551534166754686
calculated sz: 0.165714795277853
percentError0.0001994536103061273
iteration: 20
timing h
  0.441932 seconds (88 allocations: 313.503 MiB)
initial guess: 0.165714795277853
calculated sz: 0.1658679132908805
percentError0.00015311801302750339
iteration: 21
timing h
  0.659782 seconds (88 allocations: 313.503 MiB, 18.60% gc time)
initial guess: 0.1658679132908805
calculated sz: 0.16598537949381212
percentError0.00011746620293162646
iteration: 22
timing h
  0.532003 seconds (88 allocations: 313.503 MiB)
initial guess: 0.16598537949381212
calculated sz: 0.1660754475994164
percentError9.006810560427403e-5
iteration: 23
timing h
  0.749569 seconds (88 allocations: 313.503 MiB, 29.39% gc time)
initial guess: 0.1660754475994164
calculated sz: 0.16614448013186073
percentError6.903253244433527e-5
iteration: 24
timing h
  0.749524 seconds (88 allocations: 313.503 MiB, 28.43% gc time)
initial guess: 0.16614448013186073
calculated sz: 0.16619737361440962
percentError5.289348254888804e-5
iteration: 25
timing h
  0.533972 seconds (88 allocations: 313.503 MiB)
initial guess: 0.16619737361440962
calculated sz: 0.16623789156740612
percentError4.051795299650496e-5
iteration: 26
timing h
  0.440302 seconds (88 allocations: 313.503 MiB)
initial guess: 0.16623789156740612
calculated sz: 0.1662689238624942
percentError3.1032295088079254e-5
iteration: 27
timing h
  0.659074 seconds (88 allocations: 313.503 MiB, 18.63% gc time)
initial guess: 0.1662689238624942
calculated sz: 0.16629268787827167
percentError2.3764015777472114e-5
iteration: 28
timing h
  0.532334 seconds (88 allocations: 313.503 MiB)
initial guess: 0.16629268787827167
calculated sz: 0.16631088402622177
percentError1.819614795009472e-5
iteration: 29
timing h
  0.750163 seconds (88 allocations: 313.503 MiB, 29.38% gc time)
initial guess: 0.16631088402622177
calculated sz: 0.1663248157105495
percentError1.3931684327728178e-5
iteration: 30
timing h
  0.750881 seconds (88 allocations: 313.503 MiB, 28.45% gc time)
initial guess: 0.1663248157105495
calculated sz: 0.16633548168743398
percentError1.0665976884483008e-5
iteration: 31
timing h
  0.533737 seconds (88 allocations: 313.503 MiB)
initial guess: 0.16633548168743398
calculated sz: 0.16634364707613575
percentError8.165388701769638e-6
iteration: 32
timing h
  0.439980 seconds (88 allocations: 313.503 MiB)
initial guess: 0.16634364707613575
calculated sz: 0.16634989789870977
percentError6.250822574022097e-6
iteration: 33
timing h
  0.659201 seconds (88 allocations: 313.503 MiB, 18.61% gc time)
initial guess: 0.16634989789870977
calculated sz: 0.16635468293566294
percentError4.785036953169897e-6
iteration: 34
timing h
  0.531414 seconds (88 allocations: 313.503 MiB)
initial guess: 0.16635468293566294
calculated sz: 0.1663583458274987
percentError3.6628918357595186e-6
iteration: 35
timing h
  0.749475 seconds (88 allocations: 313.503 MiB, 29.45% gc time)
initial guess: 0.1663583458274987
calculated sz: 0.16636114968378254
percentError2.803856283845052e-6
iteration: 36
timing h
  0.751791 seconds (88 allocations: 313.503 MiB, 28.63% gc time)
initial guess: 0.16636114968378254
calculated sz: 0.16636329594186214
percentError2.146258079593899e-6
iteration: 37
timing h
  0.534198 seconds (88 allocations: 313.503 MiB)
initial guess: 0.16636329594186214
calculated sz: 0.16636493881470538
percentError1.6428728432382744e-6
iteration: 38
timing h
  0.441262 seconds (88 allocations: 313.503 MiB)
initial guess: 0.16636493881470538
calculated sz: 0.16636619635746097
percentError1.2575427555949759e-6
iteration: 39
timing h
  0.659756 seconds (88 allocations: 313.503 MiB, 18.57% gc time)
initial guess: 0.16636619635746097
calculated sz: 0.16636715894251933
percentError9.625850583561135e-7
starting h: 1.56
iteration: 0
timing h
  0.532600 seconds (88 allocations: 313.503 MiB)
initial guess: 0.1
calculated sz: 0.10459805215663674
percentError0.004598052156636737
iteration: 1
timing h
  0.749377 seconds (88 allocations: 313.503 MiB, 29.38% gc time)
initial guess: 0.10459805215663674
calculated sz: 0.1089040656055263
percentError0.004306013448889562
iteration: 2
timing h
  0.747853 seconds (88 allocations: 313.503 MiB, 28.47% gc time)
initial guess: 0.1089040656055263
calculated sz: 0.11288393960352425
percentError0.003979873997997943
iteration: 3
timing h
  0.532013 seconds (88 allocations: 313.503 MiB)
initial guess: 0.11288393960352425
calculated sz: 0.1165165343122229
percentError0.003632594708698658
iteration: 4
timing h
  0.440472 seconds (88 allocations: 313.503 MiB)
initial guess: 0.1165165343122229
calculated sz: 0.11979335158924728
percentError0.003276817277024377
iteration: 5
timing h
  0.657043 seconds (88 allocations: 313.503 MiB, 18.66% gc time)
initial guess: 0.11979335158924728
calculated sz: 0.12271724673775902
percentError0.0029238951485117404
iteration: 6
timing h
  0.531945 seconds (88 allocations: 313.503 MiB)
initial guess: 0.12271724673775902
calculated sz: 0.12530048466756918
percentError0.0025832379298101615
iteration: 7
timing h
  0.749011 seconds (88 allocations: 313.503 MiB, 29.39% gc time)
initial guess: 0.12530048466756918
calculated sz: 0.12756248070592205
percentError0.0022619960383528648
iteration: 8
timing h
  0.748223 seconds (88 allocations: 313.503 MiB, 28.45% gc time)
initial guess: 0.12756248070592205
calculated sz: 0.1295275259693744
percentError0.001965045263452342
iteration: 9
timing h
  0.531755 seconds (88 allocations: 313.503 MiB)
initial guess: 0.1295275259693744
calculated sz: 0.1312227179109191
percentError0.0016951919415447159
iteration: 10
timing h
  0.439130 seconds (88 allocations: 313.503 MiB)
initial guess: 0.1312227179109191
calculated sz: 0.13267622687862624
percentError0.001453508967707129
iteration: 11
timing h
  0.657378 seconds (88 allocations: 313.503 MiB, 18.62% gc time)
initial guess: 0.13267622687862624
calculated sz: 0.13391594993190858
percentError0.0012397230532823489
iteration: 12
timing h
  0.531228 seconds (88 allocations: 313.503 MiB)
initial guess: 0.13391594993190858
calculated sz: 0.1349685442128033
percentError0.0010525942808947142
iteration: 13
timing h
  0.748498 seconds (88 allocations: 313.503 MiB, 29.41% gc time)
initial guess: 0.1349685442128033
calculated sz: 0.13585879578670687
percentError0.0008902515739035721
iteration: 14
timing h
  0.748027 seconds (88 allocations: 313.503 MiB, 28.43% gc time)
initial guess: 0.13585879578670687
calculated sz: 0.13660926274794033
percentError0.0007504669612334591
iteration: 15
timing h
  0.531925 seconds (88 allocations: 313.503 MiB)
initial guess: 0.13660926274794033
calculated sz: 0.13724012813183645
percentError0.0006308653838961176
iteration: 16
timing h
  0.439929 seconds (88 allocations: 313.503 MiB)
initial guess: 0.13724012813183645
calculated sz: 0.13776920339598572
percentError0.0005290752641492757
iteration: 17
timing h
  0.657168 seconds (88 allocations: 313.503 MiB, 18.64% gc time)
initial guess: 0.13776920339598572
calculated sz: 0.13821203261396536
percentError0.00044282921797964003
iteration: 18
timing h
  0.531127 seconds (88 allocations: 313.503 MiB)
initial guess: 0.13821203261396536
calculated sz: 0.1385820580935416
percentError0.0003700254795762359
iteration: 19
timing h
  0.751707 seconds (88 allocations: 313.503 MiB, 29.52% gc time)
initial guess: 0.1385820580935416
calculated sz: 0.13889081812878942
percentError0.0003087600352478237
iteration: 20
timing h
  0.752039 seconds (88 allocations: 313.503 MiB, 28.65% gc time)
initial guess: 0.13889081812878942
calculated sz: 0.1391481561569027
percentError0.0002573380281132853
iteration: 21
timing h
  0.533968 seconds (88 allocations: 313.503 MiB)
initial guess: 0.1391481561569027
calculated sz: 0.1393624274443197
percentError0.00021427128741699497
iteration: 22
timing h
  0.441924 seconds (88 allocations: 313.503 MiB)
initial guess: 0.1393624274443197
calculated sz: 0.1395406946321688
percentError0.0001782671878491071
iteration: 23
timing h
  0.661296 seconds (88 allocations: 313.503 MiB, 18.65% gc time)
initial guess: 0.1395406946321688
calculated sz: 0.13968890725442795
percentError0.00014821262225914178
iteration: 24
timing h
  0.534525 seconds (88 allocations: 313.503 MiB)
initial guess: 0.13968890725442795
calculated sz: 0.13981206297671409
percentError0.00012315572228613347
iteration: 25
timing h
  0.751897 seconds (88 allocations: 313.503 MiB, 29.37% gc time)
initial guess: 0.13981206297671409
calculated sz: 0.1399143500579075
percentError0.00010228708119341956
iteration: 26
timing h
  0.750452 seconds (88 allocations: 313.503 MiB, 28.41% gc time)
initial guess: 0.1399143500579075
calculated sz: 0.13999927164260467
percentError8.492158469716737e-5
iteration: 27
timing h
  0.532407 seconds (88 allocations: 313.503 MiB)
initial guess: 0.13999927164260467
calculated sz: 0.1400697531373373
percentError7.04814947326271e-5
iteration: 28
timing h
  0.440524 seconds (88 allocations: 313.503 MiB)
initial guess: 0.1400697531373373
calculated sz: 0.14012823425143747
percentError5.848111410017287e-5
iteration: 29
timing h
  0.659742 seconds (88 allocations: 313.503 MiB, 18.76% gc time)
initial guess: 0.14012823425143747
calculated sz: 0.14017674740238356
percentError4.851315094608899e-5
iteration: 30
timing h
  0.532594 seconds (88 allocations: 313.503 MiB)
initial guess: 0.14017674740238356
calculated sz: 0.1402169841712803
percentError4.0236768896750874e-5
iteration: 31
timing h
  0.750310 seconds (88 allocations: 313.503 MiB, 29.40% gc time)
initial guess: 0.1402169841712803
calculated sz: 0.14025035140126624
percentError3.336722998592556e-5
iteration: 32
timing h
  0.749652 seconds (88 allocations: 313.503 MiB, 28.43% gc time)
initial guess: 0.14025035140126624
calculated sz: 0.1402780183970386
percentError2.766699577236298e-5
iteration: 33
timing h
  0.532487 seconds (88 allocations: 313.503 MiB)
initial guess: 0.1402780183970386
calculated sz: 0.1403009565301366
percentError2.2938133098004965e-5
iteration: 34
timing h
  0.439787 seconds (88 allocations: 313.503 MiB)
initial guess: 0.1403009565301366
calculated sz: 0.1403199723988188
percentError1.901586868219285e-5
iteration: 35
timing h
  0.657287 seconds (88 allocations: 313.503 MiB, 18.62% gc time)
initial guess: 0.1403199723988188
calculated sz: 0.14033573554106996
percentError1.576314225115727e-5
iteration: 36
timing h
  0.530559 seconds (88 allocations: 313.503 MiB)
initial guess: 0.14033573554106996
calculated sz: 0.1403488015612976
percentError1.3066020227631148e-5
iteration: 37
timing h
  0.753385 seconds (88 allocations: 313.503 MiB, 29.70% gc time)
initial guess: 0.1403488015612976
calculated sz: 0.14035963140591792
percentError1.0829844620335871e-5
iteration: 38
timing h
  0.749759 seconds (88 allocations: 313.503 MiB, 28.44% gc time)
initial guess: 0.14035963140591792
calculated sz: 0.14036860741316978
percentError8.976007251859652e-6
iteration: 39
timing h
  0.535750 seconds (88 allocations: 313.503 MiB)
initial guess: 0.14036860741316978
calculated sz: 0.1403760466657046
percentError7.439252534824359e-6
starting h: 1.58
iteration: 0
timing h
  0.442990 seconds (88 allocations: 313.503 MiB)
initial guess: 0.1
calculated sz: 0.10068434456015316
percentError0.0006843445601531495
iteration: 1
timing h
  0.658654 seconds (88 allocations: 313.503 MiB, 18.65% gc time)
initial guess: 0.10068434456015316
calculated sz: 0.10131016803913102
percentError0.0006258234789778688
iteration: 2
timing h
  0.533031 seconds (88 allocations: 313.503 MiB)
initial guess: 0.10131016803913102
calculated sz: 0.1018814776058564
percentError0.0005713095667253809
iteration: 3
timing h
  0.753148 seconds (88 allocations: 313.503 MiB, 29.33% gc time)
initial guess: 0.1018814776058564
calculated sz: 0.10240218788812279
percentError0.0005207102822663845
iteration: 4
timing h
  0.763790 seconds (88 allocations: 313.503 MiB, 27.94% gc time)
initial guess: 0.10240218788812279
calculated sz: 0.10287608538276528
percentError0.00047389749464249453
iteration: 5
timing h
  0.533919 seconds (88 allocations: 313.503 MiB)
initial guess: 0.10287608538276528
calculated sz: 0.10330680141199532
percentError0.0004307160292300327
iteration: 6
timing h
  0.440247 seconds (88 allocations: 313.503 MiB)
initial guess: 0.10330680141199532
calculated sz: 0.10369779262126304
percentError0.00039099120926772146
iteration: 7
timing h
  0.660763 seconds (88 allocations: 313.503 MiB, 18.74% gc time)
initial guess: 0.10369779262126304
calculated sz: 0.10405232798813605
percentError0.00035453536687300724
iteration: 8
timing h
  0.533231 seconds (88 allocations: 313.503 MiB)
initial guess: 0.10405232798813605
calculated sz: 0.10437348133415153
percentError0.00032115334601548473
iteration: 9
timing h
  0.754356 seconds (88 allocations: 313.503 MiB, 29.51% gc time)
initial guess: 0.10437348133415153
calculated sz: 0.10466412839014447
percentError0.0002906470559929375
iteration: 10
timing h
  0.751081 seconds (88 allocations: 313.503 MiB, 28.38% gc time)
initial guess: 0.10466412839014447
calculated sz: 0.10492694754647815
percentError0.0002628191563336796
iteration: 11
timing h
  0.536013 seconds (88 allocations: 313.503 MiB)
initial guess: 0.10492694754647815
calculated sz: 0.1051644235121855
percentError0.0002374759657073483
iteration: 12
timing h
  0.440823 seconds (88 allocations: 313.503 MiB)
initial guess: 0.1051644235121855
calculated sz: 0.10537885320487198
percentError0.0002144296926864797
iteration: 13
timing h
  0.659741 seconds (88 allocations: 313.503 MiB, 18.61% gc time)
initial guess: 0.10537885320487198
calculated sz: 0.10557235328965985
percentError0.0001935000847878704
iteration: 14
timing h
  0.533675 seconds (88 allocations: 313.503 MiB)
initial guess: 0.10557235328965985
calculated sz: 0.10574686887713758
percentError0.00017451558747773321
iteration: 15
timing h
  0.750765 seconds (88 allocations: 313.503 MiB, 29.40% gc time)
initial guess: 0.10574686887713758
calculated sz: 0.10590418297430529
percentError0.00015731409716771005
iteration: 16
timing h
  0.749555 seconds (88 allocations: 313.503 MiB, 28.45% gc time)
initial guess: 0.10590418297430529
calculated sz: 0.1060459263582218
percentError0.00014174338391650942
iteration: 17
timing h
  0.533522 seconds (88 allocations: 313.503 MiB)
initial guess: 0.1060459263582218
calculated sz: 0.10617358760833137
percentError0.00012766125010957308
iteration: 18
timing h
  0.439135 seconds (88 allocations: 313.503 MiB)
initial guess: 0.10617358760833137
calculated sz: 0.10628852309086659
percentError0.00011493548253521668
iteration: 19
timing h
  0.657355 seconds (88 allocations: 313.503 MiB, 18.68% gc time)
initial guess: 0.10628852309086659
calculated sz: 0.10639196673722122
percentError0.00010344364635463121
iteration: 20
timing h
  0.533227 seconds (88 allocations: 313.503 MiB)
initial guess: 0.10639196673722122
calculated sz: 0.10648503949877494
percentError9.307276155372246e-5
iteration: 21
timing h
  0.748754 seconds (88 allocations: 313.503 MiB, 29.46% gc time)
initial guess: 0.10648503949877494
calculated sz: 0.10656875839475854
percentError8.371889598360327e-5
iteration: 22
timing h
  0.750753 seconds (88 allocations: 313.503 MiB, 28.46% gc time)
initial guess: 0.10656875839475854
calculated sz: 0.10664404509626244
percentError7.52867015038905e-5
iteration: 23
timing h
  0.534010 seconds (88 allocations: 313.503 MiB)
initial guess: 0.10664404509626244
calculated sz: 0.10671173401224325
percentError6.768891598081528e-5
iteration: 24
timing h
  0.443037 seconds (88 allocations: 313.503 MiB)
initial guess: 0.10671173401224325
calculated sz: 0.10677257985999662
percentError6.084584775337132e-5
iteration: 25
timing h
  0.659187 seconds (88 allocations: 313.503 MiB, 18.61% gc time)
initial guess: 0.10677257985999662
calculated sz: 0.10682726471644513
percentError5.468485644850862e-5
iteration: 26
timing h
  0.533384 seconds (88 allocations: 313.503 MiB)
initial guess: 0.10682726471644513
calculated sz: 0.10687640455658749
percentError4.913984014236206e-5
iteration: 27
timing h
  0.751296 seconds (88 allocations: 313.503 MiB, 29.44% gc time)
initial guess: 0.10687640455658749
calculated sz: 0.10692055529310741
percentError4.4150736519921185e-5
iteration: 28
timing h
  0.750301 seconds (88 allocations: 313.503 MiB, 28.44% gc time)
initial guess: 0.10692055529310741
calculated sz: 0.10696021833662635
percentError3.9663043518933794e-5
iteration: 29
timing h
  0.534135 seconds (88 allocations: 313.503 MiB)
initial guess: 0.10696021833662635
calculated sz: 0.10699584569958277
percentError3.562736295642521e-5
iteration: 30
timing h
  0.440185 seconds (88 allocations: 313.503 MiB)
initial guess: 0.10699584569958277
calculated sz: 0.10702784466941345
percentError3.19989698306794e-5
iteration: 31
timing h
  0.658701 seconds (88 allocations: 313.503 MiB, 18.65% gc time)
initial guess: 0.10702784466941345
calculated sz: 0.10705658207763652
percentError2.8737408223067362e-5
iteration: 32
timing h
  0.533039 seconds (88 allocations: 313.503 MiB)
initial guess: 0.10705658207763652
calculated sz: 0.10708238819218124
percentError2.5806114544724146e-5
iteration: 33
timing h
  0.751592 seconds (88 allocations: 313.503 MiB, 29.42% gc time)
initial guess: 0.10708238819218124
calculated sz: 0.10710556025999758
percentError2.3172067816337738e-5
iteration: 34
timing h
  0.752715 seconds (88 allocations: 313.503 MiB, 28.70% gc time)
initial guess: 0.10710556025999758
calculated sz: 0.10712636572636182
percentError2.0805466364237635e-5
iteration: 35
timing h
  0.535199 seconds (88 allocations: 313.503 MiB)
initial guess: 0.10712636572636182
calculated sz: 0.10714504515649224
percentError1.8679430130424945e-5
iteration: 36
timing h
  0.442055 seconds (88 allocations: 313.503 MiB)
initial guess: 0.10714504515649224
calculated sz: 0.10716181488365974
percentError1.67697271674927e-5
iteration: 37
timing h
  0.659768 seconds (88 allocations: 313.503 MiB, 18.65% gc time)
initial guess: 0.10716181488365974
calculated sz: 0.10717686940695298
percentError1.5054523293242528e-5
iteration: 38
timing h
  0.535089 seconds (88 allocations: 313.503 MiB)
initial guess: 0.10717686940695298
calculated sz: 0.10719038356015709
percentError1.3514153204108315e-5
iteration: 39
timing h
  0.752220 seconds (88 allocations: 313.503 MiB, 29.44% gc time)
initial guess: 0.10719038356015709
calculated sz: 0.10720251447200443
percentError1.2130911847346715e-5
starting h: 1.6
iteration: 0
timing h
  0.749194 seconds (88 allocations: 313.503 MiB, 28.46% gc time)
initial guess: 0.1
calculated sz: 0.0970122883396934
percentError-0.002987711660306605
iteration: 1
timing h
  0.531482 seconds (88 allocations: 313.503 MiB)
initial guess: 0.0970122883396934
calculated sz: 0.0943473317173307
percentError-0.002664956622362699
iteration: 2
timing h
  0.440880 seconds (88 allocations: 313.503 MiB)
initial guess: 0.0943473317173307
calculated sz: 0.09195408014957211
percentError-0.002393251567758589
iteration: 3
timing h
  0.657633 seconds (88 allocations: 313.503 MiB, 18.68% gc time)
initial guess: 0.09195408014957211
calculated sz: 0.08979200968203127
percentError-0.0021620704675408414
iteration: 4
timing h
  0.532269 seconds (88 allocations: 313.503 MiB)
initial guess: 0.08979200968203127
calculated sz: 0.08782849814707995
percentError-0.0019635115349513205
iteration: 5
timing h
  0.751709 seconds (88 allocations: 313.503 MiB, 29.57% gc time)
initial guess: 0.08782849814707995
calculated sz: 0.08603695661028135
percentError-0.0017915415367985993
iteration: 6
timing h
  0.766247 seconds (88 allocations: 313.503 MiB, 28.01% gc time)
initial guess: 0.08603695661028135
calculated sz: 0.08439547256661256
percentError-0.0016414840436687894
iteration: 7
timing h
  0.532400 seconds (88 allocations: 313.503 MiB)
initial guess: 0.08439547256661256
calculated sz: 0.08288580739034802
percentError-0.001509665176264538
iteration: 8
timing h
  0.441226 seconds (88 allocations: 313.503 MiB)
initial guess: 0.08288580739034802
calculated sz: 0.08149264387082268
percentError-0.0013931635195253422
iteration: 9
timing h
  0.658346 seconds (88 allocations: 313.503 MiB, 18.64% gc time)
initial guess: 0.08149264387082268
calculated sz: 0.0802030134339701
percentError-0.0012896304368525818
iteration: 10
timing h
  0.532460 seconds (88 allocations: 313.503 MiB)
initial guess: 0.0802030134339701
calculated sz: 0.07900585453800818
percentError-0.0011971588959619195
iteration: 11
timing h
  0.752188 seconds (88 allocations: 313.503 MiB, 29.45% gc time)
initial guess: 0.07900585453800818
calculated sz: 0.07789166822177114
percentError-0.0011141863162370397
iteration: 12
timing h
  0.758823 seconds (88 allocations: 313.503 MiB, 28.13% gc time)
initial guess: 0.07789166822177114
calculated sz: 0.07685224656189639
percentError-0.0010394216598747508
iteration: 13
timing h
  0.532588 seconds (88 allocations: 313.503 MiB)
initial guess: 0.07685224656189639
calculated sz: 0.0758804565087605
percentError-0.0009717900531358847
iteration: 14
timing h
  0.441036 seconds (88 allocations: 313.503 MiB)
initial guess: 0.0758804565087605
calculated sz: 0.07497006625464743
percentError-0.0009103902541130748
iteration: 15
timing h
  0.658688 seconds (88 allocations: 313.503 MiB, 18.65% gc time)
initial guess: 0.07497006625464743
calculated sz: 0.07411560460328644
percentError-0.0008544616513609937
iteration: 16
timing h
  0.531839 seconds (88 allocations: 313.503 MiB)
initial guess: 0.07411560460328644
calculated sz: 0.07331224618887658
percentError-0.0008033584144098577
iteration: 17
timing h
  0.754995 seconds (88 allocations: 313.503 MiB, 29.65% gc time)
initial guess: 0.07331224618887658
calculated sz: 0.0725557171212072
percentError-0.0007565290676693759
iteration: 18
timing h
  0.761061 seconds (88 allocations: 313.503 MiB, 28.21% gc time)
initial guess: 0.0725557171212072
calculated sz: 0.07184221690341251
percentError-0.0007135002177946909
iteration: 19
timing h
  0.534572 seconds (88 allocations: 313.503 MiB)
initial guess: 0.07184221690341251
calculated sz: 0.07116835341276838
percentError-0.0006738634906441332
iteration: 20
timing h
  0.442051 seconds (88 allocations: 313.503 MiB)
initial guess: 0.07116835341276838
calculated sz: 0.07053108844282285
percentError-0.0006372649699455252
iteration: 21
timing h
  0.660633 seconds (88 allocations: 313.503 MiB, 18.61% gc time)
initial guess: 0.07053108844282285
calculated sz: 0.06992769184139278
percentError-0.0006033966014300784
iteration: 22
timing h
  0.533017 seconds (88 allocations: 313.503 MiB)
initial guess: 0.06992769184139278
calculated sz: 0.06935570268875745
percentError-0.0005719891526353299
iteration: 23
timing h
  0.753881 seconds (88 allocations: 313.503 MiB, 29.57% gc time)
initial guess: 0.06935570268875745
calculated sz: 0.06881289627594644
percentError-0.0005428064128110005
iteration: 24
timing h
  0.758929 seconds (88 allocations: 313.503 MiB, 28.13% gc time)
initial guess: 0.06881289627594644
calculated sz: 0.06829725588813754
percentError-0.0005156403878089078
iteration: 25
timing h
  0.532796 seconds (88 allocations: 313.503 MiB)
initial guess: 0.06829725588813754
calculated sz: 0.06780694858969032
percentError-0.0004903072984472207
iteration: 26
timing h
  0.442111 seconds (88 allocations: 313.503 MiB)
initial guess: 0.06780694858969032
calculated sz: 0.0673403043583703
percentError-0.00046664423132002086
iteration: 27
timing h
  0.660334 seconds (88 allocations: 313.503 MiB, 18.59% gc time)
initial guess: 0.0673403043583703
calculated sz: 0.06689579803582565
percentError-0.00044450632254464106
iteration: 28
timing h
  0.530786 seconds (88 allocations: 313.503 MiB)
initial guess: 0.06689579803582565
calculated sz: 0.06647203365670691
percentError-0.00042376437911874343
iteration: 29
timing h
  0.750632 seconds (88 allocations: 313.503 MiB, 29.45% gc time)
initial guess: 0.06647203365670691
calculated sz: 0.06606773079551292
percentError-0.0004043028611939864
iteration: 30
timing h
  0.756809 seconds (88 allocations: 313.503 MiB, 28.16% gc time)
initial guess: 0.06606773079551292
calculated sz: 0.06568171263167422
percentError-0.00038601816383870835
iteration: 31
timing h
  0.531631 seconds (88 allocations: 313.503 MiB)
initial guess: 0.06568171263167422
calculated sz: 0.06531289548362816
percentError-0.00036881714804605503
iteration: 32
timing h
  0.440731 seconds (88 allocations: 313.503 MiB)
initial guess: 0.06531289548362816
calculated sz: 0.06496027960326951
percentError-0.00035261588035864766
iteration: 33
timing h
  0.659482 seconds (88 allocations: 313.503 MiB, 18.62% gc time)
initial guess: 0.06496027960326951
calculated sz: 0.06462294105567205
percentError-0.00033733854759745996
iteration: 34
timing h
  0.532754 seconds (88 allocations: 313.503 MiB)
initial guess: 0.06462294105567205
calculated sz: 0.06430002453635832
percentError-0.0003229165193137373
iteration: 35
timing h
  0.752730 seconds (88 allocations: 313.503 MiB, 29.43% gc time)
initial guess: 0.06430002453635832
calculated sz: 0.0639907370010535
percentError-0.00030928753530481967
iteration: 36
timing h
  0.760065 seconds (88 allocations: 313.503 MiB, 28.09% gc time)
initial guess: 0.0639907370010535
calculated sz: 0.06369434200172679
percentError-0.0002963949993267101
iteration: 37
timing h
  0.534530 seconds (88 allocations: 313.503 MiB)
initial guess: 0.06369434200172679
calculated sz: 0.06341015463843791
percentError-0.0002841873632888764
iteration: 38
timing h
  0.441656 seconds (88 allocations: 313.503 MiB)
initial guess: 0.06341015463843791
calculated sz: 0.06313753704956694
percentError-0.00027261758887096865
iteration: 39
timing h
  0.659045 seconds (88 allocations: 313.503 MiB, 18.64% gc time)
initial guess: 0.06313753704956694
calculated sz: 0.06287589437391243
percentError-0.00026164267565451094
starting h: 1.62
iteration: 0
timing h
  0.532811 seconds (88 allocations: 313.503 MiB)
initial guess: 0.1
calculated sz: 0.09356396366443948
percentError-0.00643603633556053
iteration: 1
timing h
  0.756333 seconds (88 allocations: 313.503 MiB, 29.76% gc time)
initial guess: 0.09356396366443948
calculated sz: 0.08796922061311878
percentError-0.005594743051320697
iteration: 2
timing h
  0.769204 seconds (88 allocations: 313.503 MiB, 27.77% gc time)
initial guess: 0.08796922061311878
calculated sz: 0.08304200900123498
percentError-0.004927211611883794
iteration: 3
timing h
  0.534870 seconds (88 allocations: 313.503 MiB)
initial guess: 0.08304200900123498
calculated sz: 0.07865529398535001
percentError-0.004386715015884973
iteration: 4
timing h
  0.442044 seconds (88 allocations: 313.503 MiB)
initial guess: 0.07865529398535001
calculated sz: 0.07471376803643126
percentError-0.00394152594891875
iteration: 5
timing h
  0.661159 seconds (88 allocations: 313.503 MiB, 18.67% gc time)
initial guess: 0.07471376803643126
calculated sz: 0.07114433944951741
percentError-0.0035694285869138503
iteration: 6
timing h
  0.534038 seconds (88 allocations: 313.503 MiB)
initial guess: 0.07114433944951741
calculated sz: 0.06788988596481424
percentError-0.003254453484703171
iteration: 7
timing h
  0.752099 seconds (88 allocations: 313.503 MiB, 29.47% gc time)
initial guess: 0.06788988596481424
calculated sz: 0.06490502767744787
percentError-0.0029848582873663737
iteration: 8
timing h
  0.751011 seconds (88 allocations: 313.503 MiB, 28.46% gc time)
initial guess: 0.06490502767744787
calculated sz: 0.06215319108889564
percentError-0.0027518365885522283
iteration: 9
timing h
  0.533157 seconds (88 allocations: 313.503 MiB)
initial guess: 0.06215319108889564
calculated sz: 0.05960452299363265
percentError-0.002548668095262989
iteration: 10
timing h
  0.441740 seconds (88 allocations: 313.503 MiB)
initial guess: 0.05960452299363265
calculated sz: 0.05723437814151668
percentError-0.0023701448521159657
iteration: 11
timing h
  0.661083 seconds (88 allocations: 313.503 MiB, 18.57% gc time)
initial guess: 0.05723437814151668
calculated sz: 0.05502220311009649
percentError-0.0022121750314201896
iteration: 12
timing h
  0.532044 seconds (88 allocations: 313.503 MiB)
initial guess: 0.05502220311009649
calculated sz: 0.05295069931672856
percentError-0.002071503793367936
iteration: 13
timing h
  0.752204 seconds (88 allocations: 313.503 MiB, 29.46% gc time)
initial guess: 0.05295069931672856
calculated sz: 0.05100518626363354
percentError-0.0019455130530950174
iteration: 14
timing h
  0.767292 seconds (88 allocations: 313.503 MiB, 27.82% gc time)
initial guess: 0.05100518626363354
calculated sz: 0.049173110765539874
percentError-0.001832075498093666
iteration: 15
timing h
  0.533532 seconds (88 allocations: 313.503 MiB)
initial guess: 0.049173110765539874
calculated sz: 0.047443664186877586
percentError-0.0017294465786622873
iteration: 16
timing h
  0.440895 seconds (88 allocations: 313.503 MiB)
initial guess: 0.047443664186877586
calculated sz: 0.04580748067229524
percentError-0.0016361835145823483
iteration: 17
timing h
  0.658927 seconds (88 allocations: 313.503 MiB, 18.65% gc time)
initial guess: 0.04580748067229524
calculated sz: 0.04425639686197644
percentError-0.0015510838103187999
iteration: 18
timing h
  0.532608 seconds (88 allocations: 313.503 MiB)
initial guess: 0.04425639686197644
calculated sz: 0.042783258811036715
percentError-0.0014731380509397235
iteration: 19
timing h
  0.752412 seconds (88 allocations: 313.503 MiB, 29.47% gc time)
initial guess: 0.042783258811036715
calculated sz: 0.041381765527805286
percentError-0.001401493283231428
iteration: 20
timing h
  0.768661 seconds (88 allocations: 313.503 MiB, 27.96% gc time)
initial guess: 0.041381765527805286
calculated sz: 0.04004634119358861
percentError-0.0013354243342166769
iteration: 21
timing h
  0.533819 seconds (88 allocations: 313.503 MiB)
initial guess: 0.04004634119358861
calculated sz: 0.03877203004787121
percentError-0.0012743111457173967
iteration: 22
timing h
  0.442163 seconds (88 allocations: 313.503 MiB)
initial guess: 0.03877203004787121
calculated sz: 0.0375544093339985
percentError-0.0012176207138727135
iteration: 23
timing h
  0.662022 seconds (88 allocations: 313.503 MiB, 18.95% gc time)
initial guess: 0.0375544093339985
calculated sz: 0.03638951674729798
percentError-0.0011648925867005222
iteration: 24
timing h
  0.534230 seconds (88 allocations: 313.503 MiB)
initial guess: 0.03638951674729798
calculated sz: 0.03527378961304923
percentError-0.001115727134248748
iteration: 25
timing h
  0.754745 seconds (88 allocations: 313.503 MiB, 29.56% gc time)
initial guess: 0.03527378961304923
calculated sz: 0.03420401361603427
percentError-0.0010697759970149587
iteration: 26
timing h
  0.767493 seconds (88 allocations: 313.503 MiB, 27.88% gc time)
initial guess: 0.03420401361603427
calculated sz: 0.033177279357517395
percentError-0.001026734258516876
iteration: 27
timing h
  0.533074 seconds (88 allocations: 313.503 MiB)
initial guess: 0.033177279357517395
calculated sz: 0.03219094536486791
percentError-0.0009863339926494824
iteration: 28
timing h
  0.441542 seconds (88 allocations: 313.503 MiB)
initial guess: 0.03219094536486791
calculated sz: 0.031242606450784128
percentError-0.0009483389140837843
iteration: 29
timing h
  0.659259 seconds (88 allocations: 313.503 MiB, 18.66% gc time)
initial guess: 0.031242606450784128
calculated sz: 0.030330066530897752
percentError-0.0009125399198863758
iteration: 30
timing h
  0.532281 seconds (88 allocations: 313.503 MiB)
initial guess: 0.030330066530897752
calculated sz: 0.02945131517592159
percentError-0.0008787513549761636
iteration: 31
timing h
  0.752576 seconds (88 allocations: 313.503 MiB, 29.48% gc time)
initial guess: 0.02945131517592159
calculated sz: 0.028604507306687576
percentError-0.0008468078692340127
iteration: 32
timing h
  0.766972 seconds (88 allocations: 313.503 MiB, 27.86% gc time)
initial guess: 0.028604507306687576
calculated sz: 0.027787945546277386
percentError-0.00081656176041019
iteration: 33
timing h
  0.533069 seconds (88 allocations: 313.503 MiB)
initial guess: 0.027787945546277386
calculated sz: 0.02700006482791787
percentError-0.0007878807183595155
iteration: 34
timing h
  0.441124 seconds (88 allocations: 313.503 MiB)
initial guess: 0.02700006482791787
calculated sz: 0.02623941892588028
percentError-0.0007606459020375912
iteration: 35
timing h
  0.659747 seconds (88 allocations: 313.503 MiB, 18.76% gc time)
initial guess: 0.02623941892588028
calculated sz: 0.02550466863194036
percentError-0.0007347502939399203
iteration: 36
timing h
  0.532660 seconds (88 allocations: 313.503 MiB)
initial guess: 0.02550466863194036
calculated sz: 0.02479457134522255
percentError-0.000710097286717809
iteration: 37
timing h
  0.753605 seconds (88 allocations: 313.503 MiB, 29.57% gc time)
initial guess: 0.02479457134522255
calculated sz: 0.024107971880226627
percentError-0.0006865994649959233
iteration: 38
timing h
  0.767217 seconds (88 allocations: 313.503 MiB, 27.86% gc time)
initial guess: 0.024107971880226627
calculated sz: 0.02344379432831185
percentError-0.0006641775519147762
iteration: 39
timing h
  0.532688 seconds (88 allocations: 313.503 MiB)
initial guess: 0.02344379432831185
calculated sz: 0.022801034833102793
percentError-0.0006427594952090575
starting h: 1.6400000000000001
iteration: 0
timing h
  0.444221 seconds (88 allocations: 313.503 MiB)
initial guess: 0.1
calculated sz: 0.09032270586107691
percentError-0.009677294138923098
iteration: 1
timing h
  0.659092 seconds (88 allocations: 313.503 MiB, 18.65% gc time)
initial guess: 0.09032270586107691
calculated sz: 0.08212910790574486
percentError-0.008193597955332046
iteration: 2
timing h
  0.532471 seconds (88 allocations: 313.503 MiB)
initial guess: 0.08212910790574486
calculated sz: 0.07506933287080579
percentError-0.00705977503493907
iteration: 3
timing h
  0.752595 seconds (88 allocations: 313.503 MiB, 29.51% gc time)
initial guess: 0.07506933287080579
calculated sz: 0.06890187933541377
percentError-0.006167453535392026
iteration: 4
timing h
  0.752321 seconds (88 allocations: 313.503 MiB, 28.58% gc time)
initial guess: 0.06890187933541377
calculated sz: 0.06345381308906253
percentError-0.0054480662463512325
iteration: 5
timing h
  0.533837 seconds (88 allocations: 313.503 MiB)
initial guess: 0.06345381308906253
calculated sz: 0.058597473553871765
percentError-0.004856339535190768
iteration: 6
timing h
  0.442905 seconds (88 allocations: 313.503 MiB)
initial guess: 0.058597473553871765
calculated sz: 0.05423616940527357
percentError-0.004361304148598193
iteration: 7
timing h
  0.661681 seconds (88 allocations: 313.503 MiB, 18.65% gc time)
initial guess: 0.05423616940527357
calculated sz: 0.0502950344837406
percentError-0.003941134921532974
iteration: 8
timing h
  0.536784 seconds (88 allocations: 313.503 MiB)
initial guess: 0.0502950344837406
calculated sz: 0.046714980462146775
percentError-0.003580054021593823
iteration: 9
timing h
  0.754761 seconds (88 allocations: 313.503 MiB, 29.50% gc time)
initial guess: 0.046714980462146775
calculated sz: 0.04344857942992201
percentError-0.0032664010322247666
iteration: 10
timing h
  0.752347 seconds (88 allocations: 313.503 MiB, 28.43% gc time)
initial guess: 0.04344857942992201
calculated sz: 0.0404571889654524
percentError-0.002991390464469612
iteration: 11
timing h
  0.537483 seconds (88 allocations: 313.503 MiB)
initial guess: 0.0404571889654524
calculated sz: 0.037708900082484294
percentError-0.002748288882968103
iteration: 12
timing h
  0.441370 seconds (88 allocations: 313.503 MiB)
initial guess: 0.037708900082484294
calculated sz: 0.03517704385099661
percentError-0.002531856231487682
iteration: 13
timing h
  0.661496 seconds (88 allocations: 313.503 MiB, 18.83% gc time)
initial guess: 0.03517704385099661
calculated sz: 0.03283908573866922
percentError-0.0023379581123273915
iteration: 14
timing h
  0.532491 seconds (88 allocations: 313.503 MiB)
initial guess: 0.03283908573866922
calculated sz: 0.030675794338271927
percentError-0.002163291400397293
iteration: 15
timing h
  0.753157 seconds (88 allocations: 313.503 MiB, 29.50% gc time)
initial guess: 0.030675794338271927
calculated sz: 0.028670607697061437
percentError-0.00200518664121049
iteration: 16
timing h
  0.751282 seconds (88 allocations: 313.503 MiB, 28.48% gc time)
initial guess: 0.028670607697061437
calculated sz: 0.026809144202813835
percentError-0.0018614634942476019
iteration: 17
timing h
  0.536058 seconds (88 allocations: 313.503 MiB)
initial guess: 0.026809144202813835
calculated sz: 0.0250788207289601
percentError-0.0017303234738537364
iteration: 18
timing h
  0.440366 seconds (88 allocations: 313.503 MiB)
initial guess: 0.0250788207289601
calculated sz: 0.02346855139170431
percentError-0.0016102693372557902
iteration: 19
timing h
  0.658718 seconds (88 allocations: 313.503 MiB, 18.63% gc time)
initial guess: 0.02346855139170431
calculated sz: 0.021968507602085262
percentError-0.0015000437896190467
iteration: 20
timing h
  0.532352 seconds (88 allocations: 313.503 MiB)
initial guess: 0.021968507602085262
calculated sz: 0.02056992522272961
percentError-0.0013985823793556534
iteration: 21
timing h
  0.752364 seconds (88 allocations: 313.503 MiB, 29.52% gc time)
initial guess: 0.02056992522272961
calculated sz: 0.01926494827784166
percentError-0.0013049769448879485
iteration: 22
timing h
  0.750548 seconds (88 allocations: 313.503 MiB, 28.47% gc time)
initial guess: 0.01926494827784166
calculated sz: 0.018046501283186942
percentError-0.0012184469946547177
iteration: 23
timing h
  0.535821 seconds (88 allocations: 313.503 MiB)
initial guess: 0.018046501283186942
calculated sz: 0.01690818417003594
percentError-0.0011383171131510023
iteration: 24
timing h
  0.440844 seconds (88 allocations: 313.503 MiB)
initial guess: 0.01690818417003594
calculated sz: 0.01584418518283081
percentError-0.0010639989872051302
iteration: 25
timing h
  0.658595 seconds (88 allocations: 313.503 MiB, 18.66% gc time)
initial guess: 0.01584418518283081
calculated sz: 0.0148492081775526
percentError-0.0009949770052782095
iteration: 26
timing h
  0.532374 seconds (88 allocations: 313.503 MiB)
initial guess: 0.0148492081775526
calculated sz: 0.013918411535569799
percentError-0.0009307966419828013
iteration: 27
timing h
  0.752281 seconds (88 allocations: 313.503 MiB, 29.54% gc time)
initial guess: 0.013918411535569799
calculated sz: 0.013047356505864851
percentError-0.0008710550297049476
iteration: 28
timing h
  0.750758 seconds (88 allocations: 313.503 MiB, 28.47% gc time)
initial guess: 0.013047356505864851
calculated sz: 0.012231963246642755
percentError-0.0008153932592220962
iteration: 29
timing h
  0.536060 seconds (88 allocations: 313.503 MiB)
initial guess: 0.012231963246642755
calculated sz: 0.011468473190863993
percentError-0.0007634900557787622
iteration: 30
timing h
  0.440644 seconds (88 allocations: 313.503 MiB)
initial guess: 0.011468473190863993
calculated sz: 0.01075341663488116
percentError-0.0007150565559828331
iteration: 31
timing h
  0.658420 seconds (88 allocations: 313.503 MiB, 18.66% gc time)
initial guess: 0.01075341663488116
calculated sz: 0.01008358466461247
percentError-0.0006698319702686893
iteration: 32
timing h
  0.532697 seconds (88 allocations: 313.503 MiB)
initial guess: 0.01008358466461247
calculated sz: 0.009456004702930346
percentError-0.0006275799616821242
iteration: 33
timing h
  0.753173 seconds (88 allocations: 313.503 MiB, 29.52% gc time)
initial guess: 0.009456004702930346
calculated sz: 0.008867919096112769
percentError-0.0005880856068175774
iteration: 34
timing h
  0.752428 seconds (88 allocations: 313.503 MiB, 28.59% gc time)
initial guess: 0.008867919096112769
calculated sz: 0.008316766264064423
percentError-0.0005511528320483461
iteration: 35
timing h
  0.537458 seconds (88 allocations: 313.503 MiB)
initial guess: 0.008316766264064423
calculated sz: 0.007800164024387753
percentError-0.0005166022396766697
iteration: 36
timing h
  0.442130 seconds (88 allocations: 313.503 MiB)
initial guess: 0.007800164024387753
calculated sz: 0.007315894769201415
percentError-0.00048426925518633805
iteration: 37
timing h
  0.662671 seconds (88 allocations: 313.503 MiB, 18.96% gc time)
initial guess: 0.007315894769201415
calculated sz: 0.0068618922290246
percentError-0.00045400254017681496
iteration: 38
timing h
  0.534324 seconds (88 allocations: 313.503 MiB)
initial guess: 0.0068618922290246
calculated sz: 0.00643622960306087
percentError-0.0004256626259637299
iteration: 39
timing h
  0.754153 seconds (88 allocations: 313.503 MiB, 29.53% gc time)
initial guess: 0.00643622960306087
calculated sz: 0.00603710887172114
percentError-0.0003991207313397303
starting h: 1.6600000000000001
iteration: 0
timing h
  0.752857 seconds (88 allocations: 313.503 MiB, 28.62% gc time)
initial guess: 0.1
calculated sz: 0.08727307834543353
percentError-0.012726921654566473
iteration: 1
timing h
  0.533310 seconds (88 allocations: 313.503 MiB)
initial guess: 0.08727307834543353
calculated sz: 0.07678140989719694
percentError-0.010491668448236596
iteration: 2
timing h
  0.441016 seconds (88 allocations: 313.503 MiB)
initial guess: 0.07678140989719694
calculated sz: 0.06795270421974543
percentError-0.008828705677451504
iteration: 3
timing h
  0.659945 seconds (88 allocations: 313.503 MiB, 18.65% gc time)
initial guess: 0.06795270421974543
calculated sz: 0.06040841561702373
percentError-0.007544288602721702
iteration: 4
timing h
  0.531638 seconds (88 allocations: 313.503 MiB)
initial guess: 0.06040841561702373
calculated sz: 0.05388588489493873
percentError-0.0065225307220850015
iteration: 5
timing h
  0.752635 seconds (88 allocations: 313.503 MiB, 29.50% gc time)
initial guess: 0.05388588489493873
calculated sz: 0.048195577016107
percentError-0.005690307878831728
iteration: 6
timing h
  0.748954 seconds (88 allocations: 313.503 MiB, 28.50% gc time)
initial guess: 0.048195577016107
calculated sz: 0.043196156163591376
percentError-0.004999420852515625
iteration: 7
timing h
  0.533451 seconds (88 allocations: 313.503 MiB)
initial guess: 0.043196156163591376
calculated sz: 0.03877923875214254
percentError-0.004416917411448833
iteration: 8
timing h
  0.440413 seconds (88 allocations: 313.503 MiB)
initial guess: 0.03877923875214254
calculated sz: 0.03485968575736272
percentError-0.003919552994779821
iteration: 9
timing h
  0.660154 seconds (88 allocations: 313.503 MiB, 18.63% gc time)
initial guess: 0.03485968575736272
calculated sz: 0.03136920979118453
percentError-0.003490475966178193
iteration: 10
timing h
  0.532990 seconds (88 allocations: 313.503 MiB)
initial guess: 0.03136920979118453
calculated sz: 0.02825204151742596
percentError-0.0031171682737585714
iteration: 11
timing h
  0.752994 seconds (88 allocations: 313.503 MiB, 29.53% gc time)
initial guess: 0.02825204151742596
calculated sz: 0.025461916982807472
percentError-0.0027901245346184864
iteration: 12
timing h
  0.754618 seconds (88 allocations: 313.503 MiB, 28.34% gc time)
initial guess: 0.025461916982807472
calculated sz: 0.022959935805160984
percentError-0.002501981177646488
iteration: 13
timing h
  0.533544 seconds (88 allocations: 313.503 MiB)
initial guess: 0.022959935805160984
calculated sz: 0.020713007352308334
percentError-0.00224692845285265
iteration: 14
timing h
  0.440928 seconds (88 allocations: 313.503 MiB)
initial guess: 0.020713007352308334
calculated sz: 0.01869270231433925
percentError-0.0020203050379690828
iteration: 15
timing h
  0.660152 seconds (88 allocations: 313.503 MiB, 18.64% gc time)
initial guess: 0.01869270231433925
calculated sz: 0.01687438901923155
percentError-0.0018183132951077007
iteration: 16
timing h
  0.532485 seconds (88 allocations: 313.503 MiB)
initial guess: 0.01687438901923155
calculated sz: 0.015236573129690309
percentError-0.0016378158895412418
iteration: 17
timing h
  0.756856 seconds (88 allocations: 313.503 MiB, 29.83% gc time)
initial guess: 0.015236573129690309
calculated sz: 0.013760384858914895
percentError-0.001476188270775414
iteration: 18
timing h
  0.751629 seconds (88 allocations: 313.503 MiB, 28.46% gc time)
initial guess: 0.013760384858914895
calculated sz: 0.012429174736048001
percentError-0.001331210122866893
iteration: 19
timing h
  0.535276 seconds (88 allocations: 313.503 MiB)
initial guess: 0.012429174736048001
calculated sz: 0.011228190346737714
percentError-0.0012009843893102876
iteration: 20
timing h
  0.442034 seconds (88 allocations: 313.503 MiB)
initial guess: 0.011228190346737714
calculated sz: 0.010144314283908695
percentError-0.001083876062829019
iteration: 21
timing h
  0.661649 seconds (88 allocations: 313.503 MiB, 18.61% gc time)
initial guess: 0.010144314283908695
calculated sz: 0.009165848972289265
percentError-0.0009784653116194295
iteration: 22
timing h
  0.531331 seconds (88 allocations: 313.503 MiB)
initial guess: 0.009165848972289265
calculated sz: 0.008282337851302073
percentError-0.0008835111209871925
iteration: 23
timing h
  0.752859 seconds (88 allocations: 313.503 MiB, 29.71% gc time)
initial guess: 0.008282337851302073
calculated sz: 0.007484415120386402
percentError-0.0007979227309156713
iteration: 24
timing h
  0.751112 seconds (88 allocations: 313.503 MiB, 28.60% gc time)
initial guess: 0.007484415120386402
calculated sz: 0.006763678206393362
percentError-0.0007207369139930397
iteration: 25
timing h
  0.533270 seconds (88 allocations: 313.503 MiB)
initial guess: 0.006763678206393362
calculated sz: 0.0061125785317824605
percentError-0.0006510996746109015
iteration: 26
timing h
  0.440697 seconds (88 allocations: 313.503 MiB)
initial guess: 0.0061125785317824605
calculated sz: 0.005524327201267373
percentError-0.0005882513305150872
iteration: 27
timing h
  0.659816 seconds (88 allocations: 313.503 MiB, 18.62% gc time)
initial guess: 0.005524327201267373
calculated sz: 0.0049928129913519035
percentError-0.0005315142099154698
iteration: 28
timing h
  0.532211 seconds (88 allocations: 313.503 MiB)
initial guess: 0.0049928129913519035
calculated sz: 0.004512530597990689
percentError-0.00048028239336121454
iteration: 29
timing h
  0.752627 seconds (88 allocations: 313.503 MiB, 29.54% gc time)
initial guess: 0.004512530597990689
calculated sz: 0.004078517525816156
percentError-0.0004340130721745333
iteration: 30
timing h
  0.750010 seconds (88 allocations: 313.503 MiB, 28.62% gc time)
initial guess: 0.004078517525816156
calculated sz: 0.003686298326318388
percentError-0.00039221919949776777
iteration: 31
timing h
  0.532460 seconds (88 allocations: 313.503 MiB)
initial guess: 0.003686298326318388
calculated sz: 0.0033318351397327085
percentError-0.00035446318658567937
iteration: 32
timing h
  0.439903 seconds (88 allocations: 313.503 MiB)
initial guess: 0.0033318351397327085
calculated sz: 0.0030114836857841262
percentError-0.00032035145394858225
iteration: 33
timing h
  0.658402 seconds (88 allocations: 313.503 MiB, 18.64% gc time)
initial guess: 0.0030114836857841262
calculated sz: 0.002721953996517655
percentError-0.00028952968926647133
iteration: 34
timing h
  0.531203 seconds (88 allocations: 313.503 MiB)
initial guess: 0.002721953996517655
calculated sz: 0.0024602753007665038
percentError-0.00026167869575115113
iteration: 35
timing h
  0.750735 seconds (88 allocations: 313.503 MiB, 29.60% gc time)
initial guess: 0.0024602753007665038
calculated sz: 0.00222376456197561
percentError-0.00023651073879089358
iteration: 36
timing h
  0.748125 seconds (88 allocations: 313.503 MiB, 28.52% gc time)
initial guess: 0.00222376456197561
calculated sz: 0.0020099982453177716
percentError-0.00021376631665783862
iteration: 37
timing h
  0.533607 seconds (88 allocations: 313.503 MiB)
initial guess: 0.0020099982453177716
calculated sz: 0.0018167869497196158
percentError-0.00019321129559815575
iteration: 38
timing h
  0.440591 seconds (88 allocations: 313.503 MiB)
initial guess: 0.0018167869497196158
calculated sz: 0.0016421525898412343
percentError-0.00017463435987838155
iteration: 39
timing h
  0.659540 seconds (88 allocations: 313.503 MiB, 18.64% gc time)
initial guess: 0.0016421525898412343
calculated sz: 0.001484307853611863
percentError-0.00015784473622937117
starting h: 1.6800000000000002
iteration: 0
timing h
  0.533363 seconds (88 allocations: 313.503 MiB)
initial guess: 0.1
calculated sz: 0.08440082482195727
percentError-0.01559917517804274
iteration: 1
timing h
  0.753687 seconds (88 allocations: 313.503 MiB, 29.66% gc time)
initial guess: 0.08440082482195727
calculated sz: 0.07188268227586975
percentError-0.012518142546087518
iteration: 2
timing h
  0.753077 seconds (88 allocations: 313.503 MiB, 28.71% gc time)
initial guess: 0.07188268227586975
calculated sz: 0.061607572541467565
percentError-0.010275109734402182
iteration: 3
timing h
  0.534509 seconds (88 allocations: 313.503 MiB)
initial guess: 0.061607572541467565
calculated sz: 0.05303822954669952
percentError-0.008569342994768046
iteration: 4
timing h
  0.442469 seconds (88 allocations: 313.503 MiB)
initial guess: 0.05303822954669952
calculated sz: 0.045809179487379795
percentError-0.0072290500593197235
iteration: 5
timing h
  0.661217 seconds (88 allocations: 313.503 MiB, 18.65% gc time)
initial guess: 0.045809179487379795
calculated sz: 0.03965963898427403
percentError-0.006149540503105767
iteration: 6
timing h
  0.535184 seconds (88 allocations: 313.503 MiB)
initial guess: 0.03965963898427403
calculated sz: 0.03439609298482232
percentError-0.00526354599945171
iteration: 7
timing h
  0.767004 seconds (88 allocations: 313.503 MiB, 29.09% gc time)
initial guess: 0.03439609298482232
calculated sz: 0.029870235484997114
percentError-0.004525857499825203
iteration: 8
timing h
  0.750564 seconds (88 allocations: 313.503 MiB, 28.51% gc time)
initial guess: 0.029870235484997114
calculated sz: 0.025965355840577752
percentError-0.0039048796444193616
iteration: 9
timing h
  0.533223 seconds (88 allocations: 313.503 MiB)
initial guess: 0.025965355840577752
calculated sz: 0.02258760077541437
percentError-0.0033777550651633813
iteration: 10
timing h
  0.441134 seconds (88 allocations: 313.503 MiB)
initial guess: 0.02258760077541437
calculated sz: 0.019660167621220893
percentError-0.0029274331541934775
iteration: 11
timing h
  0.659964 seconds (88 allocations: 313.503 MiB, 18.67% gc time)
initial guess: 0.019660167621220893
calculated sz: 0.017119321421122522
percentError-0.0025408462000983713
iteration: 12
timing h
  0.532961 seconds (88 allocations: 313.503 MiB)
initial guess: 0.017119321421122522
calculated sz: 0.014911581414772534
percentError-0.002207740006349988
iteration: 13
timing h
  0.754594 seconds (88 allocations: 313.503 MiB, 29.65% gc time)
initial guess: 0.014911581414772534
calculated sz: 0.012991677819306267
percentError-0.0019199035954662672
iteration: 14
timing h
  0.751370 seconds (88 allocations: 313.503 MiB, 28.43% gc time)
initial guess: 0.012991677819306267
calculated sz: 0.011321028968685877
percentError-0.0016706488506203904
iteration: 15
timing h
  0.534510 seconds (88 allocations: 313.503 MiB)
initial guess: 0.011321028968685877
calculated sz: 0.009866578579672785
percentError-0.001454450389013092
iteration: 16
timing h
  0.440823 seconds (88 allocations: 313.503 MiB)
initial guess: 0.009866578579672785
calculated sz: 0.008599888228248687
percentError-0.0012666903514240973
iteration: 17
timing h
  0.659949 seconds (88 allocations: 313.503 MiB, 18.63% gc time)
initial guess: 0.008599888228248687
calculated sz: 0.007496414964171782
percentError-0.001103473264076905
iteration: 18
timing h
  0.532365 seconds (88 allocations: 313.503 MiB)
initial guess: 0.007496414964171782
calculated sz: 0.006534926351193022
percentError-0.0009614886129787606
iteration: 19
timing h
  0.753159 seconds (88 allocations: 313.503 MiB, 29.57% gc time)
initial guess: 0.006534926351193022
calculated sz: 0.005697019809391877
percentError-0.000837906541801145
iteration: 20
timing h
  0.750094 seconds (88 allocations: 313.503 MiB, 28.49% gc time)
initial guess: 0.005697019809391877
calculated sz: 0.004966722803999876
percentError-0.0007302970053920006
iteration: 21
timing h
  0.533583 seconds (88 allocations: 313.503 MiB)
initial guess: 0.004966722803999876
calculated sz: 0.004330156929040442
percentError-0.0006365658749594343
iteration: 22
timing h
  0.440666 seconds (88 allocations: 313.503 MiB)
initial guess: 0.004330156929040442
calculated sz: 0.0037752533773846757
percentError-0.000554903551655766
iteration: 23
timing h
  0.659758 seconds (88 allocations: 313.503 MiB, 18.63% gc time)
initial guess: 0.0037752533773846757
calculated sz: 0.003291510372787286
percentError-0.00048374300459738976
iteration: 24
timing h
  0.532409 seconds (88 allocations: 313.503 MiB)
initial guess: 0.003291510372787286
calculated sz: 0.002869785317064664
percentError-0.0004217250557226218
iteration: 25
timing h
  0.753856 seconds (88 allocations: 313.503 MiB, 29.64% gc time)
initial guess: 0.002869785317064664
calculated sz: 0.002502115970959573
percentError-0.00036766934610509136
iteration: 26
timing h
  0.753044 seconds (88 allocations: 313.503 MiB, 28.72% gc time)
initial guess: 0.002502115970959573
calculated sz: 0.0021815661343102897
percentError-0.0003205498366492831
iteration: 27
timing h
  0.534941 seconds (88 allocations: 313.503 MiB)
initial guess: 0.0021815661343102897
calculated sz: 0.001902092148440622
percentError-0.0002794739858696677
iteration: 28
timing h
  0.441777 seconds (88 allocations: 313.503 MiB)
initial guess: 0.001902092148440622
calculated sz: 0.001658427197098643
percentError-0.00024366495134197893
iteration: 29
timing h
  0.662527 seconds (88 allocations: 313.503 MiB, 18.89% gc time)
initial guess: 0.001658427197098643
calculated sz: 0.0014459808902091565
percentError-0.0002124463068894865
iteration: 30
timing h
  0.534184 seconds (88 allocations: 313.503 MiB)
initial guess: 0.0014459808902091565
calculated sz: 0.0012607520166496395
percentError-0.000185228873559517
iteration: 31
timing h
  0.755495 seconds (88 allocations: 313.503 MiB, 29.66% gc time)
initial guess: 0.0012607520166496395
calculated sz: 0.001099252675808574
percentError-0.0001614993408410655
iteration: 32
timing h
  0.750845 seconds (88 allocations: 313.503 MiB, 28.48% gc time)
initial guess: 0.001099252675808574
calculated sz: 0.0009584422618486278
percentError-0.00014081041395994618
iteration: 33
timing h
  0.533476 seconds (88 allocations: 313.503 MiB)
initial guess: 0.0009584422618486278
calculated sz: 0.0008356699932468357
percentError-0.00012277226860179212
iteration: 34
timing h
  0.441135 seconds (88 allocations: 313.503 MiB)
initial guess: 0.0008356699932468357
calculated sz: 0.0007286248629845776
percentError-0.00010704513026225818
iteration: 35
timing h
  0.659554 seconds (88 allocations: 313.503 MiB, 18.64% gc time)
initial guess: 0.0007286248629845776
calculated sz: 0.0006352920388940721
percentError-9.333282409050548e-5
iteration: 36
timing h
  0.533156 seconds (88 allocations: 313.503 MiB)
initial guess: 0.0006352920388940721
calculated sz: 0.0005539148747779119
percentError-8.137716411616021e-5
iteration: 37
timing h
  0.753359 seconds (88 allocations: 313.503 MiB, 29.57% gc time)
initial guess: 0.0005539148747779119
calculated sz: 0.0004829618047834178
percentError-7.095306999449404e-5
iteration: 38
timing h
  0.749817 seconds (88 allocations: 313.503 MiB, 28.50% gc time)
initial guess: 0.0004829618047834178
calculated sz: 0.0004210974898259559
percentError-6.186431495746193e-5
iteration: 39
timing h
  0.533434 seconds (88 allocations: 313.503 MiB)
initial guess: 0.0004210974898259559
calculated sz: 0.0003671576674892991
percentError-5.3939822336656804e-5
ms: Array{Float64,1}[]
955.019701 seconds (2.13 G allocations: 194.977 GiB, 5.96% gc time)
